<?xml version="1.0" encoding="UTF-8"?>
<!-- Generated by org.testng.reporters.JUnitReportReporter -->
<testsuite hostname="DESKTOP-JN337CQ" failures="0" tests="4" name="com.acti.testcase.LoginPageTC" time="47.508" errors="0" timestamp="02 Dec 2022 00:31:19 GMT" skipped="0">
  <testcase classname="com.acti.testcase.LoginPageTC" name="testLoginPageTitle" time="3.581"/>
  <testcase classname="com.acti.testcase.LoginPageTC" name="testActiImageIsDisplayed" time="3.129"/>
  <testcase classname="com.acti.testcase.LoginPageTC" name="testForgotPassowrdIsDisplayed" time="19.310"/>
  <testcase classname="com.acti.testcase.LoginPageTC" name="testLoginFunction" time="21.488"/>
</testsuite> <!-- com.acti.testcase.LoginPageTC -->
