<?xml version="1.0" encoding="UTF-8"?>
<!-- Generated by org.testng.reporters.JUnitReportReporter -->
<testsuite hostname="DESKTOP-JN337CQ" failures="0" tests="1" name="com.acti.base.DriverScript" time="3.466" errors="0" timestamp="30 Nov 2022 01:50:27 GMT" skipped="0">
  <testcase classname="com.acti.base.DriverScript" name="initApplication" time="3.466"/>
</testsuite> <!-- com.acti.base.DriverScript -->
